


ARM Macro Assembler    Page 1 


    1 00000000         ;; RK - Evalbot (Cortex M3 de Texas Instrument)
    2 00000000         ;; Les deux LEDs sont initialement allumées
    3 00000000         ;; Ce programme lis l'état du bouton poussoir 1 connecté
                       e au port GPIOD broche 6
    4 00000000         ;; Si bouton poussoir fermé ==> fait clignoter les deux 
                       LED1&2 connectée au port GPIOF broches 4&5.
    5 00000000         
    6 00000000                 AREA             |.text|, CODE, READONLY
    7 00000000         
    8 00000000         ; This register controls the clock gating logic in norma
                       l Run mode
    9 00000000 400FE108 
                       SYSCTL_PERIPH_GPIO
                               EQU              0x400FE108  ; SYSCTL_RCGC2_R (p
                                                            291 datasheet de lm
                                                            3s9b92.pdf)
   10 00000000         
   11 00000000         ; The GPIODATA register is the data register
   12 00000000 40025000 
                       GPIO_PORTF_BASE
                               EQU              0x40025000  ; GPIO Port F (APB)
                                                             base: 0x4002.5000 
                                                            (p416 datasheet de 
                                                            lm3s9B92.pdf)
   13 00000000 40007000 
                       GPIO_PORTD_BASE
                               EQU              0x40007000  ; GPIO Port D (APB)
                                                             base: 0x4000.7000 
                                                            (p416 datasheet de 
                                                            lm3s9B92.pdf)
   14 00000000 40024000 
                       GPIO_PORTE_BASE
                               EQU              0x40024000  ; GPIO Port E (APB)
                                                             base: 0x4002.4000 
                                                            (p416 datasheet de 
                                                            lm3s9B92.pdf)
   15 00000000         
   16 00000000         ; configure the corresponding pin to be an output
   17 00000000         ; all GPIO pins are inputs by default
   18 00000000 00000400 
                       GPIO_O_DIR
                               EQU              0x00000400  ; GPIO Direction (p
                                                            417 datasheet de lm
                                                            3s9B92.pdf)
   19 00000000         
   20 00000000         ; The GPIODR2R register is the 2-mA drive control regist
                       er
   21 00000000         ; By default, all GPIO pins have 2-mA drive.
   22 00000000 00000500 
                       GPIO_O_DR2R
                               EQU              0x00000500  ; GPIO 2-mA Drive S
                                                            elect (p428 datashe
                                                            et de lm3s9B92.pdf)
                                                            
   23 00000000         
   24 00000000         ; Digital enable register
   25 00000000         ; To use the pin as a digital input or output, the corre
                       sponding GPIODEN bit must be set.
   26 00000000 0000051C 



ARM Macro Assembler    Page 2 


                       GPIO_O_DEN
                               EQU              0x0000051C  ; GPIO Digital Enab
                                                            le (p437 datasheet 
                                                            de lm3s9B92.pdf)
   27 00000000         
   28 00000000         ; Pul_up
   29 00000000 00000510 
                       GPIO_I_PUR
                               EQU              0x00000510  ; GPIO Pull-Up (p43
                                                            2 datasheet de lm3s
                                                            9B92.pdf)
   30 00000000         
   31 00000000         ; Broches select
   32 00000000 00000030 
                       BROCHE4_5
                               EQU              0x30        ; led1 & led2 sur b
                                                            roche 4 et 5
   33 00000000         
   34 00000000 000000C0 
                       BROCHE6_7
                               EQU              0xC0        ; bouton poussoir 1
                                                             et 2 sur broche 6 
                                                            et 7
   35 00000000         
   36 00000000 00000003 
                       BROCHE0_1
                               EQU              0x03        ; bumpers 1 et 2 su
                                                            r broche 0 et 1
   37 00000000         
   38 00000000         ; blinking frequency
   39 00000000 002FFFFF 
                       DUREE   EQU              0x002FFFFF
   40 00000000         
   41 00000000         
   42 00000000                 ENTRY
   43 00000000                 EXPORT           __main
   44 00000000         __main
   45 00000000         
   46 00000000         ; ;; Enable the Port F & D peripheral clock   (p291 data
                       sheet de lm3s9B96.pdf)
   47 00000000         ; ;;         
   48 00000000 4E1F            ldr              r6, = SYSCTL_PERIPH_GPIO 
                                                            ;; RCGC2
   49 00000002 F04F 0038       mov              r0, #0x00000038 ;; Enable clock
                                                             sur GPIO D et F où
                                                             sont branchés les 
                                                            leds (0x28 == 0b111
                                                            000)
   50 00000006         ; ;;                              (GPIO::FEDCBA)
   51 00000006 6030            str              r0, [r6]
   52 00000008         
   53 00000008         ; ;; "There must be a delay of 3 system clocks before an
                       y GPIO reg. access  (p413 datasheet de lm3s9B92.pdf)
   54 00000008 BF00            nop                          ;; tres tres import
                                                            ant....
   55 0000000A BF00            nop
   56 0000000C BF00            nop                          ;; pas necessaire e
                                                            n simu ou en debbug
                                                             step by step...



ARM Macro Assembler    Page 3 


   57 0000000E         
   58 0000000E         ;^^^^^^^^^^^^^^^^^^^^^^^^^^^^^^CONFIGURATION LED
   59 0000000E         
   60 0000000E 4E1D            ldr              r6, = GPIO_PORTF_BASE+GPIO_O_DI
R 
                                                            ;; 1 Pin du portF e
                                                            n sortie (broche 4 
                                                            : 00010000)
   61 00000010 F04F 0030       ldr              r0, = BROCHE4_5
   62 00000014 6030            str              r0, [r6]
   63 00000016         
   64 00000016 4E1C            ldr              r6, = GPIO_PORTF_BASE+GPIO_O_DE
N 
                                                            ;; Enable Digital F
                                                            unction 
   65 00000018 F04F 0030       ldr              r0, = BROCHE4_5
   66 0000001C 6030            str              r0, [r6]
   67 0000001E         
   68 0000001E 4E1B            ldr              r6, = GPIO_PORTF_BASE+GPIO_O_DR
2R 
                                                            ;; Choix de l'inten
                                                            sité de sortie (2mA
                                                            )
   69 00000020 F04F 0030       ldr              r0, = BROCHE4_5
   70 00000024 6030            str              r0, [r6]
   71 00000026         
   72 00000026 F04F 0200       mov              r2, #0x000  ;; pour eteindre LE
                                                            D
   73 0000002A         
   74 0000002A         ; allumer la led broche 4 (BROCHE4_5)
   75 0000002A F04F 0330       mov              r3, #BROCHE4_5 ;; Allume LED1&2
                                                             portF broche 4&5 :
                                                             00110000
   76 0000002E         
   77 0000002E 4E18            ldr              r6, = GPIO_PORTF_BASE + (BROCHE
4_5<<2) 
                                                            ;; @data Register =
                                                             @base + (mask<<2) 
                                                            ==> LED1
   78 00000030         ;vvvvvvvvvvvvvvvvvvvvvvvFin configuration LED 
   79 00000030         
   80 00000030         
   81 00000030         
   82 00000030         
   83 00000030         ;^^^^^^^^^^^^^^^^^^^^^^^^^^^^^^CONFIGURATION Switcher 
   84 00000030         
   85 00000030 4F18            ldr              r7, = GPIO_PORTD_BASE+GPIO_I_PU
R 
                                                            ;; Pul_up 
   86 00000032 F04F 00C0       ldr              r0, = BROCHE6_7
   87 00000036 6038            str              r0, [r7]
   88 00000038         
   89 00000038 4F17            ldr              r7, = GPIO_PORTD_BASE+GPIO_O_DE
N 
                                                            ;; Enable Digital F
                                                            unction 
   90 0000003A F04F 00C0       ldr              r0, = BROCHE6_7
   91 0000003E 6038            str              r0, [r7]
   92 00000040         



ARM Macro Assembler    Page 4 


   93 00000040 4F16            ldr              r7, = GPIO_PORTD_BASE + (BROCHE
6_7<<2) 
                                                            ;; @data Register =
                                                             @base + (mask<<2) 
                                                            ==> Switcher
   94 00000042         
   95 00000042         ;vvvvvvvvvvvvvvvvvvvvvvvFin configuration Switcher
   96 00000042         
   97 00000042         
   98 00000042         
   99 00000042         ;^^^^^^^^^^^^^^^^^^^^^^^^^^^^^^CONFIGURATION Bumper 
  100 00000042         
  101 00000042 F8DF 805C       ldr              r8, = GPIO_PORTE_BASE+GPIO_I_PU
R 
                                                            ;; Pul_up 
  102 00000046 F04F 0003       ldr              r0, = BROCHE0_1
  103 0000004A F8C8 0000       str              r0, [r8]
  104 0000004E         
  105 0000004E F8DF 8054       ldr              r8, = GPIO_PORTE_BASE+GPIO_O_DE
N 
                                                            ;; Enable Digital F
                                                            unction 
  106 00000052 F04F 0003       ldr              r0, = BROCHE0_1
  107 00000056 F8C8 0000       str              r0, [r8]
  108 0000005A         
  109 0000005A F8DF 804C       ldr              r8, = GPIO_PORTE_BASE + (BROCHE
0_1<<2) 
                                                            ;; @data Register =
                                                             @base + (mask<<2) 
                                                            ==> Bumper
  110 0000005E         
  111 0000005E         ;vvvvvvvvvvvvvvvvvvvvvvvFin configuration Bumper 
  112 0000005E         
  113 0000005E         
  114 0000005E         
  115 0000005E         
  116 0000005E         ;^^^^^^^^^^^^^^^^^^^^^^^^^^^^^^CLIGNOTTEMENT
  117 0000005E         
  118 0000005E 6033            str              r3, [r6]    ;; Allume LED1&2 po
                                                            rtF broche 4&5 : 00
                                                            110000 (contenu de 
                                                            r3)
  119 00000060         
  120 00000060         ReadState
  121 00000060         
  122 00000060 F8D7 A000       ldr              r10,[r7]
  123 00000064 F1BA 0FC0       CMP              r10,#0xC0
  124 00000068 D1FA            BNE              ReadState
  125 0000006A         
  126 0000006A         loop
  127 0000006A 6032            str              r2, [r6]    ;; Eteint LED car r
                                                            2 = 0x00      
  128 0000006C 490F            ldr              r1, = DUREE ;; pour la duree de
                                                             la boucle d'attent
                                                            e1 (wait1)
  129 0000006E         
  130 0000006E 3901    wait1   subs             r1, #1
  131 00000070 D1FD            bne              wait1
  132 00000072         



ARM Macro Assembler    Page 5 


  133 00000072 6033            str              r3, [r6]    ;; Allume LED1&2 po
                                                            rtF broche 4&5 : 00
                                                            110000 (contenu de 
                                                            r3)
  134 00000074 490D            ldr              r1, = DUREE ;; pour la duree de
                                                             la boucle d'attent
                                                            e2 (wait2)
  135 00000076         
  136 00000076 3901    wait2   subs             r1, #1
  137 00000078 D1FD            bne              wait2
  138 0000007A         
  139 0000007A E7F6            b                loop
  140 0000007C         
  141 0000007C         
  142 0000007C         
  143 0000007C BF00            nop
  144 0000007E                 END
              00 00 400FE108 
              40025400 
              4002551C 
              40025500 
              400250C0 
              40007510 
              4000751C 
              40007300 
              40024510 
              4002451C 
              4002400C 
              002FFFFF 
Command Line: --debug --xref --diag_suppress=9931 --cpu=Cortex-M3 --apcs=interw
ork --depend=.\objects\demonstration_prof.d -o.\objects\demonstration_prof.o -I
.\RTE\_Target_1 -IC:\Users\foulo\AppData\Local\Arm\Packs\ARM\CMSIS\5.9.0\CMSIS\
Core\Include -IC:\Users\foulo\AppData\Local\Arm\Packs\ARM\CMSIS\5.9.0\Device\AR
M\ARMCM3\Include --predefine="__EVAL SETA 1" --predefine="__MICROLIB SETA 1" --
predefine="__UVISION_VERSION SETA 528" --predefine="_RTE_ SETA 1" --predefine="
ARMCM3 SETA 1" --list=.\listings\demonstration_prof.lst Demonstration_prof.s



ARM Macro Assembler    Page 1 Alphabetic symbol ordering
Relocatable symbols

.text 00000000

Symbol: .text
   Definitions
      At line 6 in file Demonstration_prof.s
   Uses
      None
Comment: .text unused
ReadState 00000060

Symbol: ReadState
   Definitions
      At line 120 in file Demonstration_prof.s
   Uses
      At line 124 in file Demonstration_prof.s
Comment: ReadState used once
__main 00000000

Symbol: __main
   Definitions
      At line 44 in file Demonstration_prof.s
   Uses
      At line 43 in file Demonstration_prof.s
Comment: __main used once
loop 0000006A

Symbol: loop
   Definitions
      At line 126 in file Demonstration_prof.s
   Uses
      At line 139 in file Demonstration_prof.s
Comment: loop used once
wait1 0000006E

Symbol: wait1
   Definitions
      At line 130 in file Demonstration_prof.s
   Uses
      At line 131 in file Demonstration_prof.s
Comment: wait1 used once
wait2 00000076

Symbol: wait2
   Definitions
      At line 136 in file Demonstration_prof.s
   Uses
      At line 137 in file Demonstration_prof.s
Comment: wait2 used once
6 symbols



ARM Macro Assembler    Page 1 Alphabetic symbol ordering
Absolute symbols

BROCHE0_1 00000003

Symbol: BROCHE0_1
   Definitions
      At line 36 in file Demonstration_prof.s
   Uses
      At line 102 in file Demonstration_prof.s
      At line 106 in file Demonstration_prof.s
      At line 109 in file Demonstration_prof.s

BROCHE4_5 00000030

Symbol: BROCHE4_5
   Definitions
      At line 32 in file Demonstration_prof.s
   Uses
      At line 61 in file Demonstration_prof.s
      At line 65 in file Demonstration_prof.s
      At line 69 in file Demonstration_prof.s
      At line 75 in file Demonstration_prof.s
      At line 77 in file Demonstration_prof.s

BROCHE6_7 000000C0

Symbol: BROCHE6_7
   Definitions
      At line 34 in file Demonstration_prof.s
   Uses
      At line 86 in file Demonstration_prof.s
      At line 90 in file Demonstration_prof.s
      At line 93 in file Demonstration_prof.s

DUREE 002FFFFF

Symbol: DUREE
   Definitions
      At line 39 in file Demonstration_prof.s
   Uses
      At line 128 in file Demonstration_prof.s
      At line 134 in file Demonstration_prof.s

GPIO_I_PUR 00000510

Symbol: GPIO_I_PUR
   Definitions
      At line 29 in file Demonstration_prof.s
   Uses
      At line 85 in file Demonstration_prof.s
      At line 101 in file Demonstration_prof.s

GPIO_O_DEN 0000051C

Symbol: GPIO_O_DEN
   Definitions
      At line 26 in file Demonstration_prof.s
   Uses
      At line 64 in file Demonstration_prof.s
      At line 89 in file Demonstration_prof.s
      At line 105 in file Demonstration_prof.s



ARM Macro Assembler    Page 2 Alphabetic symbol ordering
Absolute symbols


GPIO_O_DIR 00000400

Symbol: GPIO_O_DIR
   Definitions
      At line 18 in file Demonstration_prof.s
   Uses
      At line 60 in file Demonstration_prof.s
Comment: GPIO_O_DIR used once
GPIO_O_DR2R 00000500

Symbol: GPIO_O_DR2R
   Definitions
      At line 22 in file Demonstration_prof.s
   Uses
      At line 68 in file Demonstration_prof.s
Comment: GPIO_O_DR2R used once
GPIO_PORTD_BASE 40007000

Symbol: GPIO_PORTD_BASE
   Definitions
      At line 13 in file Demonstration_prof.s
   Uses
      At line 85 in file Demonstration_prof.s
      At line 89 in file Demonstration_prof.s
      At line 93 in file Demonstration_prof.s

GPIO_PORTE_BASE 40024000

Symbol: GPIO_PORTE_BASE
   Definitions
      At line 14 in file Demonstration_prof.s
   Uses
      At line 101 in file Demonstration_prof.s
      At line 105 in file Demonstration_prof.s
      At line 109 in file Demonstration_prof.s

GPIO_PORTF_BASE 40025000

Symbol: GPIO_PORTF_BASE
   Definitions
      At line 12 in file Demonstration_prof.s
   Uses
      At line 60 in file Demonstration_prof.s
      At line 64 in file Demonstration_prof.s
      At line 68 in file Demonstration_prof.s
      At line 77 in file Demonstration_prof.s

SYSCTL_PERIPH_GPIO 400FE108

Symbol: SYSCTL_PERIPH_GPIO
   Definitions
      At line 9 in file Demonstration_prof.s
   Uses
      At line 48 in file Demonstration_prof.s
Comment: SYSCTL_PERIPH_GPIO used once
12 symbols
355 symbols in table
