


ARM Macro Assembler    Page 1 


    1 00000000         ;; RK - Evalbot (Cortex M3 de Texas Instrument)
    2 00000000         ;; Les deux LEDs sont initialement allumées
    3 00000000         ;; Ce programme lis l'état du bouton poussoir 1 connecté
                       e au port GPIOD broche 6
    4 00000000         ;; Si bouton poussoir fermé ==> fait clignoter les deux 
                       LED1&2 connectée au port GPIOF broches 4&5.
    5 00000000         
    6 00000000                 AREA             |.text|, CODE, READONLY
    7 00000000         
    8 00000000         ; This register controls the clock gating logic in norma
                       l Run mode
    9 00000000 400FE108 
                       SYSCTL_PERIPH_GPIO
                               EQU              0x400FE108  ; SYSCTL_RCGC2_R (p
                                                            291 datasheet de lm
                                                            3s9b92.pdf)
   10 00000000         
   11 00000000         ; The GPIODATA register is the data register
   12 00000000 40025000 
                       GPIO_PORTF_BASE
                               EQU              0x40025000  ; GPIO Port F (APB)
                                                             base: 0x4002.5000 
                                                            (p416 datasheet de 
                                                            lm3s9B92.pdf)
   13 00000000         
   14 00000000         ; The GPIODATA register is the data register
   15 00000000 40007000 
                       GPIO_PORTD_BASE
                               EQU              0x40007000  ; GPIO Port D (APB)
                                                             base: 0x4000.7000 
                                                            (p416 datasheet de 
                                                            lm3s9B92.pdf)
   16 00000000         
   17 00000000 40024000 
                       GPIO_PORTE_BASE
                               EQU              0x40024000  ; GPIO Port E (APB)
                                                             base: 0x4002.4000
   18 00000000         
   19 00000000         ; configure the corresponding pin to be an output
   20 00000000         ; all GPIO pins are inputs by default
   21 00000000 00000400 
                       GPIO_O_DIR
                               EQU              0x00000400  ; GPIO Direction (p
                                                            417 datasheet de lm
                                                            3s9B92.pdf)
   22 00000000         
   23 00000000         ; The GPIODR2R register is the 2-mA drive control regist
                       er
   24 00000000         ; By default, all GPIO pins have 2-mA drive.
   25 00000000 00000500 
                       GPIO_O_DR2R
                               EQU              0x00000500  ; GPIO 2-mA Drive S
                                                            elect (p428 datashe
                                                            et de lm3s9B92.pdf)
                                                            
   26 00000000         
   27 00000000         ; Digital enable register
   28 00000000         ; To use the pin as a digital input or output, the corre
                       sponding GPIODEN bit must be set.



ARM Macro Assembler    Page 2 


   29 00000000 0000051C 
                       GPIO_O_DEN
                               EQU              0x0000051C  ; GPIO Digital Enab
                                                            le (p437 datasheet 
                                                            de lm3s9B92.pdf)
   30 00000000         
   31 00000000         ; Pul_up
   32 00000000 00000510 
                       GPIO_I_PUR
                               EQU              0x00000510  ; GPIO Pull-Up (p43
                                                            2 datasheet de lm3s
                                                            9B92.pdf)
   33 00000000         
   34 00000000         ; Broches select
   35 00000000 00000030 
                       BROCHE4_5
                               EQU              0x30        ; led1 & led2 sur b
                                                            roche 4 et 5 (x30 c
                                                            ar 0011 0000)
   36 00000000         
   37 00000000 000000C0 
                       BROCHE6_7
                               EQU              0xC0        ; BP (xC0 car = 110
                                                            0 0000)
   38 00000000         
   39 00000000 00000003 
                       BROCHE0_1
                               EQU              0x03        ; bumpers
   40 00000000         
   41 00000000         ; blinking frequency
   42 00000000 002FFFFF 
                       DUREE   EQU              0x002FFFFF
   43 00000000         
   44 00000000         
   45 00000000                 ENTRY
   46 00000000                 EXPORT           __main
   47 00000000         __main
   48 00000000         
   49 00000000         ; ;; Enable the Port F & D peripheral clock   (p291 data
                       sheet de lm3s9B96.pdf)
   50 00000000         ; ;;         
   51 00000000 4E22            ldr              r6, = SYSCTL_PERIPH_GPIO 
                                                            ;; RCGC2
   52 00000002 F04F 0038       mov              r0, #0x00000038 ;; Enable clock
                                                             sur GPIO D et F où
                                                             sont branchés les 
                                                            leds (0x28 == 0b101
                                                            000)
   53 00000006         ; ;;                              (GPIO::FEDCBA)
   54 00000006 6030            str              r0, [r6]
   55 00000008         
   56 00000008         ; ;; "There must be a delay of 3 system clocks before an
                       y GPIO reg. access  (p413 datasheet de lm3s9B92.pdf)
   57 00000008 BF00            nop                          ;; tres tres import
                                                            ant....
   58 0000000A BF00            nop
   59 0000000C BF00            nop                          ;; pas necessaire e
                                                            n simu ou en debbug
                                                             step by step...



ARM Macro Assembler    Page 3 


   60 0000000E         
   61 0000000E         
   62 0000000E         ;^^^^^^^^^^^^^^^^^^^^^^^^^^^^^^CONFIGURATION LED
   63 0000000E         
   64 0000000E 4E20            ldr              r6, = GPIO_PORTF_BASE+GPIO_O_DI
R 
                                                            ;; 1 Pin du portF e
                                                            n sortie (broche 4 
                                                            : 00010000)
   65 00000010 F04F 0030       ldr              r0, = BROCHE4_5
   66 00000014 6030            str              r0, [r6]
   67 00000016         
   68 00000016 4E1F            ldr              r6, = GPIO_PORTF_BASE+GPIO_O_DE
N 
                                                            ;; Enable Digital F
                                                            unction 
   69 00000018 F04F 0030       ldr              r0, = BROCHE4_5
   70 0000001C 6030            str              r0, [r6]
   71 0000001E         
   72 0000001E 4E1E            ldr              r6, = GPIO_PORTF_BASE+GPIO_O_DR
2R 
                                                            ;; Choix de l'inten
                                                            sité de sortie (2mA
                                                            )
   73 00000020 F04F 0030       ldr              r0, = BROCHE4_5
   74 00000024 6030            str              r0, [r6]
   75 00000026         
   76 00000026 F04F 0200       mov              r2, #0x000  ;; pour eteindre LE
                                                            D
   77 0000002A         
   78 0000002A         ; allumer la led broche 4 (BROCHE4_5)
   79 0000002A F04F 0330       mov              r3, #BROCHE4_5 ;; Allume LED1&2
                                                             portF broche 4&5 :
                                                             00110000
   80 0000002E         
   81 0000002E 4E1B            ldr              r6, = GPIO_PORTF_BASE + (BROCHE
4_5<<2) 
                                                            ;; @data Register =
                                                             @base + (mask<<2) 
                                                            ==> LED1
   82 00000030         ;vvvvvvvvvvvvvvvvvvvvvvvFin configuration LED 
   83 00000030         
   84 00000030         
   85 00000030         ;^^^^^^^^^^^^^^^^^^^^^^^^^^^^^^CONFIGURATION BP
   86 00000030         
   87 00000030 F8DF 906C       ldr              r9, = GPIO_PORTD_BASE+GPIO_I_PU
R 
                                                            ;; Pul_up 
   88 00000034 F04F 00C0       ldr              r0, = BROCHE6_7
   89 00000038 F8C9 0000       str              r0, [r9]
   90 0000003C         
   91 0000003C F8DF 9064       ldr              r9, = GPIO_PORTD_BASE+GPIO_O_DE
N 
                                                            ;; Enable Digital F
                                                            unction 
   92 00000040 F04F 00C0       ldr              r0, = BROCHE6_7
   93 00000044 F8C9 0000       str              r0, [r9]
   94 00000048         
   95 00000048 F8DF 905C       ldr              r9, = GPIO_PORTD_BASE + (BROCHE



ARM Macro Assembler    Page 4 


6_7<<2) 
                                                            ;; @data Register =
                                                             @base + (mask<<2) 
                                                            ==> Switcher
   96 0000004C         
   97 0000004C         ;vvvvvvvvvvvvvvvvvvvvvvvFin configuration BP 
   98 0000004C         
   99 0000004C         
  100 0000004C         ;^^^^^^^^^^^^^^^^^^^^^^^^^^^^^^CONFIGURATION Bumpers
  101 0000004C         
  102 0000004C F8DF 805C       ldr              r8, = GPIO_PORTE_BASE+GPIO_I_PU
R 
                                                            ;; Pul_up
  103 00000050 F04F 0003       ldr              r0, = BROCHE0_1
  104 00000054 F8C8 0000       str              r0, [r8]
  105 00000058         
  106 00000058 F8DF 8054       ldr              r8, = GPIO_PORTE_BASE+GPIO_O_DE
N 
                                                            ;; Enable Digital F
                                                            unction 
  107 0000005C F04F 0003       ldr              r0, = BROCHE0_1
  108 00000060 F8C8 0000       str              r0, [r8]
  109 00000064         
  110 00000064 F8DF 804C       ldr              r8, = GPIO_PORTE_BASE + (BROCHE
0_1<<2) 
                                                            ;; @data Register =
                                                             @base + (mask<<2) 
                                                            ==> Switcher
  111 00000068         
  112 00000068         ;vvvvvvvvvvvvvvvvvvvvvvvFin configuration Bumpers 
  113 00000068         
  114 00000068         
  115 00000068         ;^^^^^^^^^^^^^^^^^^^^^^^^^^^^^^CLIGNOTTEMENT
  116 00000068         
  117 00000068 F8C8 3000       str              r3, [r8]    ;; Allume LED1&2 po
                                                            rtF broche 4&5 : 00
                                                            110000 (contenu de 
                                                            r3)
  118 0000006C         
  119 0000006C         ReadState
  120 0000006C         
  121 0000006C F8D9 A000       ldr              r10,[r9]
  122 00000070 F1BA 0F00       CMP              r10,#0x00
  123 00000074 D1FA            BNE              ReadState
  124 00000076         
  125 00000076         loop
  126 00000076 6032            str              r2, [r6]    ;; Eteint LED car r
                                                            2 = 0x00      
  127 00000078 490F            ldr              r1, = DUREE ;; pour la duree de
                                                             la boucle d'attent
                                                            e1 (wait1)
  128 0000007A         
  129 0000007A 3901    wait1   subs             r1, #1
  130 0000007C D1FD            bne              wait1
  131 0000007E         
  132 0000007E 6033            str              r3, [r6]    ;; Allume LED1&2 po
                                                            rtF broche 4&5 : 00
                                                            110000 (contenu de 
                                                            r3)



ARM Macro Assembler    Page 5 


  133 00000080 490D            ldr              r1, = DUREE ;; pour la duree de
                                                             la boucle d'attent
                                                            e2 (wait2)
  134 00000082         
  135 00000082 3901    wait2   subs             r1, #1
  136 00000084 D1FD            bne              wait2
  137 00000086         
  138 00000086 E7F6            b                loop
  139 00000088         
  140 00000088         
  141 00000088         
  142 00000088 BF00            nop
  143 0000008A                 END
              00 00 400FE108 
              40025400 
              4002551C 
              40025500 
              400250C0 
              40007510 
              4000751C 
              40007300 
              40024510 
              4002451C 
              4002400C 
              002FFFFF 
Command Line: --debug --xref --diag_suppress=9931 --cpu=Cortex-M3 --apcs=interw
ork --depend=.\objects\rk_blinky_2led_sw1.d -o.\objects\rk_blinky_2led_sw1.o -I
.\RTE\_Target_1 -I"D:\Program Files\ARM Keil\Packs\ARM\CMSIS\5.5.1\CMSIS\Core\I
nclude" -I"D:\Program Files\ARM Keil\Packs\ARM\CMSIS\5.5.1\Device\ARM\ARMCM3\In
clude" --predefine="__EVAL SETA 1" --predefine="__MICROLIB SETA 1" --predefine=
"__UVISION_VERSION SETA 528" --predefine="_RTE_ SETA 1" --predefine="ARMCM3 SET
A 1" --list=.\listings\rk_blinky_2led_sw1.lst RK_Blinky_2LED_SW1.s



ARM Macro Assembler    Page 1 Alphabetic symbol ordering
Relocatable symbols

.text 00000000

Symbol: .text
   Definitions
      At line 6 in file RK_Blinky_2LED_SW1.s
   Uses
      None
Comment: .text unused
ReadState 0000006C

Symbol: ReadState
   Definitions
      At line 119 in file RK_Blinky_2LED_SW1.s
   Uses
      At line 123 in file RK_Blinky_2LED_SW1.s
Comment: ReadState used once
__main 00000000

Symbol: __main
   Definitions
      At line 47 in file RK_Blinky_2LED_SW1.s
   Uses
      At line 46 in file RK_Blinky_2LED_SW1.s
Comment: __main used once
loop 00000076

Symbol: loop
   Definitions
      At line 125 in file RK_Blinky_2LED_SW1.s
   Uses
      At line 138 in file RK_Blinky_2LED_SW1.s
Comment: loop used once
wait1 0000007A

Symbol: wait1
   Definitions
      At line 129 in file RK_Blinky_2LED_SW1.s
   Uses
      At line 130 in file RK_Blinky_2LED_SW1.s
Comment: wait1 used once
wait2 00000082

Symbol: wait2
   Definitions
      At line 135 in file RK_Blinky_2LED_SW1.s
   Uses
      At line 136 in file RK_Blinky_2LED_SW1.s
Comment: wait2 used once
6 symbols



ARM Macro Assembler    Page 1 Alphabetic symbol ordering
Absolute symbols

BROCHE0_1 00000003

Symbol: BROCHE0_1
   Definitions
      At line 39 in file RK_Blinky_2LED_SW1.s
   Uses
      At line 103 in file RK_Blinky_2LED_SW1.s
      At line 107 in file RK_Blinky_2LED_SW1.s
      At line 110 in file RK_Blinky_2LED_SW1.s

BROCHE4_5 00000030

Symbol: BROCHE4_5
   Definitions
      At line 35 in file RK_Blinky_2LED_SW1.s
   Uses
      At line 65 in file RK_Blinky_2LED_SW1.s
      At line 69 in file RK_Blinky_2LED_SW1.s
      At line 73 in file RK_Blinky_2LED_SW1.s
      At line 79 in file RK_Blinky_2LED_SW1.s
      At line 81 in file RK_Blinky_2LED_SW1.s

BROCHE6_7 000000C0

Symbol: BROCHE6_7
   Definitions
      At line 37 in file RK_Blinky_2LED_SW1.s
   Uses
      At line 88 in file RK_Blinky_2LED_SW1.s
      At line 92 in file RK_Blinky_2LED_SW1.s
      At line 95 in file RK_Blinky_2LED_SW1.s

DUREE 002FFFFF

Symbol: DUREE
   Definitions
      At line 42 in file RK_Blinky_2LED_SW1.s
   Uses
      At line 127 in file RK_Blinky_2LED_SW1.s
      At line 133 in file RK_Blinky_2LED_SW1.s

GPIO_I_PUR 00000510

Symbol: GPIO_I_PUR
   Definitions
      At line 32 in file RK_Blinky_2LED_SW1.s
   Uses
      At line 87 in file RK_Blinky_2LED_SW1.s
      At line 102 in file RK_Blinky_2LED_SW1.s

GPIO_O_DEN 0000051C

Symbol: GPIO_O_DEN
   Definitions
      At line 29 in file RK_Blinky_2LED_SW1.s
   Uses
      At line 68 in file RK_Blinky_2LED_SW1.s
      At line 91 in file RK_Blinky_2LED_SW1.s
      At line 106 in file RK_Blinky_2LED_SW1.s



ARM Macro Assembler    Page 2 Alphabetic symbol ordering
Absolute symbols


GPIO_O_DIR 00000400

Symbol: GPIO_O_DIR
   Definitions
      At line 21 in file RK_Blinky_2LED_SW1.s
   Uses
      At line 64 in file RK_Blinky_2LED_SW1.s
Comment: GPIO_O_DIR used once
GPIO_O_DR2R 00000500

Symbol: GPIO_O_DR2R
   Definitions
      At line 25 in file RK_Blinky_2LED_SW1.s
   Uses
      At line 72 in file RK_Blinky_2LED_SW1.s
Comment: GPIO_O_DR2R used once
GPIO_PORTD_BASE 40007000

Symbol: GPIO_PORTD_BASE
   Definitions
      At line 15 in file RK_Blinky_2LED_SW1.s
   Uses
      At line 87 in file RK_Blinky_2LED_SW1.s
      At line 91 in file RK_Blinky_2LED_SW1.s
      At line 95 in file RK_Blinky_2LED_SW1.s

GPIO_PORTE_BASE 40024000

Symbol: GPIO_PORTE_BASE
   Definitions
      At line 17 in file RK_Blinky_2LED_SW1.s
   Uses
      At line 102 in file RK_Blinky_2LED_SW1.s
      At line 106 in file RK_Blinky_2LED_SW1.s
      At line 110 in file RK_Blinky_2LED_SW1.s

GPIO_PORTF_BASE 40025000

Symbol: GPIO_PORTF_BASE
   Definitions
      At line 12 in file RK_Blinky_2LED_SW1.s
   Uses
      At line 64 in file RK_Blinky_2LED_SW1.s
      At line 68 in file RK_Blinky_2LED_SW1.s
      At line 72 in file RK_Blinky_2LED_SW1.s
      At line 81 in file RK_Blinky_2LED_SW1.s

SYSCTL_PERIPH_GPIO 400FE108

Symbol: SYSCTL_PERIPH_GPIO
   Definitions
      At line 9 in file RK_Blinky_2LED_SW1.s
   Uses
      At line 51 in file RK_Blinky_2LED_SW1.s
Comment: SYSCTL_PERIPH_GPIO used once
12 symbols
355 symbols in table
